<?xml version="1.0" encoding="UTF-8"?>
<testng-results skipped="0" failed="0" ignored="0" total="2" passed="2">
  <reporter-output>
  </reporter-output>
  <suite name="Default suite" duration-ms="39" started-at="2019-11-04T09:34:32Z" finished-at="2019-11-04T09:34:33Z">
    <groups>
    </groups>
    <test name="Default test" duration-ms="39" started-at="2019-11-04T09:34:32Z" finished-at="2019-11-04T09:34:33Z">
      <class name="com.Teestngp.test">
        <test-method status="PASS" signature="test3()[pri:0, instance:com.Teestngp.test@5c3bd550]" name="test3" is-config="true" duration-ms="15" started-at="2019-11-04T09:34:32Z" finished-at="2019-11-04T09:34:32Z">
          <reporter-output>
          </reporter-output>
        </test-method> <!-- test3 -->
        <test-method status="PASS" signature="test5()[pri:1, instance:com.Teestngp.test@5c3bd550]" name="test5" duration-ms="15" started-at="2019-11-04T09:34:32Z" finished-at="2019-11-04T09:34:33Z">
          <reporter-output>
          </reporter-output>
        </test-method> <!-- test5 -->
        <test-method status="PASS" signature="test1()[pri:0, instance:com.Teestngp.test@5c3bd550]" name="test1" is-config="true" duration-ms="0" started-at="2019-11-04T09:34:32Z" finished-at="2019-11-04T09:34:32Z">
          <reporter-output>
          </reporter-output>
        </test-method> <!-- test1 -->
        <test-method status="PASS" signature="test2()[pri:0, instance:com.Teestngp.test@5c3bd550]" name="test2" is-config="true" duration-ms="0" started-at="2019-11-04T09:34:33Z" finished-at="2019-11-04T09:34:33Z">
          <reporter-output>
          </reporter-output>
        </test-method> <!-- test2 -->
        <test-method status="PASS" signature="test4()[pri:0, instance:com.Teestngp.test@5c3bd550]" name="test4" is-config="true" duration-ms="0" started-at="2019-11-04T09:34:33Z" finished-at="2019-11-04T09:34:33Z">
          <reporter-output>
          </reporter-output>
        </test-method> <!-- test4 -->
        <test-method status="PASS" signature="test6()[pri:2, instance:com.Teestngp.test@5c3bd550]" name="test6" duration-ms="0" started-at="2019-11-04T09:34:33Z" finished-at="2019-11-04T09:34:33Z">
          <reporter-output>
          </reporter-output>
        </test-method> <!-- test6 -->
        <test-method status="PASS" signature="test1()[pri:0, instance:com.Teestngp.test@5c3bd550]" name="test1" is-config="true" duration-ms="0" started-at="2019-11-04T09:34:33Z" finished-at="2019-11-04T09:34:33Z">
          <reporter-output>
          </reporter-output>
        </test-method> <!-- test1 -->
        <test-method status="PASS" signature="test2()[pri:0, instance:com.Teestngp.test@5c3bd550]" name="test2" is-config="true" duration-ms="0" started-at="2019-11-04T09:34:33Z" finished-at="2019-11-04T09:34:33Z">
          <reporter-output>
          </reporter-output>
        </test-method> <!-- test2 -->
      </class> <!-- com.Teestngp.test -->
    </test> <!-- Default test -->
  </suite> <!-- Default suite -->
</testng-results>
